<?xml version="1.0" encoding="UTF-8"?>
<coverage generated="1759858611336" clover="3.2.0">
  <project timestamp="1759858611336" name="All files">
    <metrics statements="365" coveredstatements="256" conditionals="60" coveredconditionals="49" methods="14" coveredmethods="8" elements="439" coveredelements="313" complexity="0" loc="365" ncloc="365" packages="6" files="10" classes="10"/>
    <package name="frontend">
      <metrics statements="5" coveredstatements="0" conditionals="1" coveredconditionals="0" methods="1" coveredmethods="0"/>
      <file name="postcss.config.js" path="/Users/anandrai/job-tracker/frontend/postcss.config.js">
        <metrics statements="5" coveredstatements="0" conditionals="1" coveredconditionals="0" methods="1" coveredmethods="0"/>
        <line num="1" count="0" type="cond" truecount="0" falsecount="1"/>
        <line num="2" count="0" type="stmt"/>
        <line num="3" count="0" type="stmt"/>
        <line num="4" count="0" type="stmt"/>
        <line num="5" count="0" type="stmt"/>
      </file>
    </package>
    <package name="frontend.src">
      <metrics statements="16" coveredstatements="0" conditionals="2" coveredconditionals="0" methods="2" coveredmethods="0"/>
      <file name="App.tsx" path="/Users/anandrai/job-tracker/frontend/src/App.tsx">
        <metrics statements="7" coveredstatements="0" conditionals="1" coveredconditionals="0" methods="1" coveredmethods="0"/>
        <line num="1" count="0" type="cond" truecount="0" falsecount="1"/>
        <line num="3" count="0" type="stmt"/>
        <line num="4" count="0" type="stmt"/>
        <line num="5" count="0" type="stmt"/>
        <line num="6" count="0" type="stmt"/>
        <line num="7" count="0" type="stmt"/>
        <line num="9" count="0" type="stmt"/>
      </file>
      <file name="main.tsx" path="/Users/anandrai/job-tracker/frontend/src/main.tsx">
        <metrics statements="9" coveredstatements="0" conditionals="1" coveredconditionals="0" methods="1" coveredmethods="0"/>
        <line num="1" count="0" type="cond" truecount="0" falsecount="1"/>
        <line num="2" count="0" type="stmt"/>
        <line num="3" count="0" type="stmt"/>
        <line num="4" count="0" type="stmt"/>
        <line num="6" count="0" type="stmt"/>
        <line num="7" count="0" type="stmt"/>
        <line num="8" count="0" type="stmt"/>
        <line num="9" count="0" type="stmt"/>
        <line num="10" count="0" type="stmt"/>
      </file>
    </package>
    <package name="frontend.src.api">
      <metrics statements="26" coveredstatements="0" conditionals="2" coveredconditionals="0" methods="2" coveredmethods="0"/>
      <file name="client.ts" path="/Users/anandrai/job-tracker/frontend/src/api/client.ts">
        <metrics statements="5" coveredstatements="0" conditionals="1" coveredconditionals="0" methods="1" coveredmethods="0"/>
        <line num="1" count="0" type="cond" truecount="0" falsecount="1"/>
        <line num="3" count="0" type="stmt"/>
        <line num="4" count="0" type="stmt"/>
        <line num="5" count="0" type="stmt"/>
        <line num="6" count="0" type="stmt"/>
      </file>
      <file name="jobs.ts" path="/Users/anandrai/job-tracker/frontend/src/api/jobs.ts">
        <metrics statements="21" coveredstatements="0" conditionals="1" coveredconditionals="0" methods="1" coveredmethods="0"/>
        <line num="1" count="0" type="cond" truecount="0" falsecount="1"/>
        <line num="5" count="0" type="stmt"/>
        <line num="6" count="0" type="stmt"/>
        <line num="7" count="0" type="stmt"/>
        <line num="8" count="0" type="stmt"/>
        <line num="11" count="0" type="stmt"/>
        <line num="12" count="0" type="stmt"/>
        <line num="13" count="0" type="stmt"/>
        <line num="14" count="0" type="stmt"/>
        <line num="17" count="0" type="stmt"/>
        <line num="18" count="0" type="stmt"/>
        <line num="19" count="0" type="stmt"/>
        <line num="20" count="0" type="stmt"/>
        <line num="23" count="0" type="stmt"/>
        <line num="24" count="0" type="stmt"/>
        <line num="25" count="0" type="stmt"/>
        <line num="28" count="0" type="stmt"/>
        <line num="37" count="0" type="stmt"/>
        <line num="38" count="0" type="stmt"/>
        <line num="39" count="0" type="stmt"/>
        <line num="40" count="0" type="stmt"/>
      </file>
    </package>
    <package name="frontend.src.components">
      <metrics statements="265" coveredstatements="256" conditionals="53" coveredconditionals="48" methods="7" coveredmethods="7"/>
      <file name="JobForm.tsx" path="/Users/anandrai/job-tracker/frontend/src/components/JobForm.tsx">
        <metrics statements="182" coveredstatements="173" conditionals="40" coveredconditionals="37" methods="3" coveredmethods="3"/>
        <line num="1" count="1" type="stmt"/>
        <line num="2" count="1" type="stmt"/>
        <line num="10" count="1" type="stmt"/>
        <line num="12" count="85" type="cond" truecount="1" falsecount="0"/>
        <line num="14" count="85" type="stmt"/>
        <line num="15" count="85" type="stmt"/>
        <line num="16" count="85" type="stmt"/>
        <line num="17" count="85" type="stmt"/>
        <line num="18" count="85" type="stmt"/>
        <line num="19" count="85" type="stmt"/>
        <line num="20" count="85" type="stmt"/>
        <line num="21" count="85" type="stmt"/>
        <line num="22" count="85" type="stmt"/>
        <line num="23" count="85" type="stmt"/>
        <line num="24" count="85" type="stmt"/>
        <line num="25" count="85" type="stmt"/>
        <line num="26" count="85" type="stmt"/>
        <line num="29" count="85" type="cond" truecount="1" falsecount="0"/>
        <line num="30" count="85" type="stmt"/>
        <line num="31" count="85" type="stmt"/>
        <line num="34" count="85" type="cond" truecount="1" falsecount="0"/>
        <line num="35" count="5" type="cond" truecount="1" falsecount="0"/>
        <line num="36" count="2" type="stmt"/>
        <line num="37" count="5" type="cond" truecount="1" falsecount="0"/>
        <line num="38" count="3" type="stmt"/>
        <line num="39" count="3" type="stmt"/>
        <line num="40" count="85" type="stmt"/>
        <line num="43" count="85" type="cond" truecount="1" falsecount="0"/>
        <line num="44" count="72" type="stmt"/>
        <line num="45" count="72" type="stmt"/>
        <line num="46" count="72" type="stmt"/>
        <line num="47" count="72" type="cond" truecount="1" falsecount="0"/>
        <line num="48" count="72" type="stmt"/>
        <line num="49" count="72" type="cond" truecount="1" falsecount="0"/>
        <line num="50" count="72" type="stmt"/>
        <line num="51" count="72" type="stmt"/>
        <line num="54" count="85" type="cond" truecount="1" falsecount="0"/>
        <line num="55" count="3" type="stmt"/>
        <line num="56" count="3" type="stmt"/>
        <line num="57" count="3" type="cond" truecount="3" falsecount="0"/>
        <line num="58" count="1" type="stmt"/>
        <line num="59" count="1" type="stmt"/>
        <line num="60" count="1" type="cond" truecount="1" falsecount="0"/>
        <line num="62" count="3" type="cond" truecount="1" falsecount="1"/>
        <line num="63" count="0" type="stmt"/>
        <line num="64" count="0" type="stmt"/>
        <line num="65" count="0" type="stmt"/>
        <line num="66" count="0" type="stmt"/>
        <line num="67" count="0" type="cond" truecount="1" falsecount="0"/>
        <line num="69" count="3" type="cond" truecount="1" falsecount="1"/>
        <line num="70" count="0" type="stmt"/>
        <line num="71" count="0" type="stmt"/>
        <line num="72" count="0" type="cond" truecount="1" falsecount="0"/>
        <line num="73" count="2" type="stmt"/>
        <line num="74" count="2" type="stmt"/>
        <line num="75" count="3" type="cond" truecount="1" falsecount="0"/>
        <line num="76" count="1" type="stmt"/>
        <line num="77" count="1" type="stmt"/>
        <line num="78" count="1" type="stmt"/>
        <line num="79" count="1" type="cond" truecount="1" falsecount="0"/>
        <line num="82" count="3" type="cond" truecount="2" falsecount="0"/>
        <line num="83" count="2" type="stmt"/>
        <line num="84" count="3" type="cond" truecount="0" falsecount="1"/>
        <line num="85" count="0" type="stmt"/>
        <line num="86" count="3" type="cond" truecount="1" falsecount="0"/>
        <line num="87" count="2" type="stmt"/>
        <line num="88" count="2" type="stmt"/>
        <line num="89" count="3" type="stmt"/>
        <line num="91" count="85" type="stmt"/>
        <line num="92" count="85" type="stmt"/>
        <line num="93" count="85" type="cond" truecount="1" falsecount="0"/>
        <line num="95" count="85" type="stmt"/>
        <line num="96" count="85" type="stmt"/>
        <line num="97" count="85" type="stmt"/>
        <line num="98" count="85" type="stmt"/>
        <line num="99" count="85" type="cond" truecount="1" falsecount="0"/>
        <line num="100" count="85" type="stmt"/>
        <line num="101" count="85" type="stmt"/>
        <line num="102" count="85" type="stmt"/>
        <line num="103" count="85" type="stmt"/>
        <line num="105" count="85" type="stmt"/>
        <line num="106" count="85" type="stmt"/>
        <line num="107" count="85" type="stmt"/>
        <line num="108" count="85" type="stmt"/>
        <line num="109" count="85" type="cond" truecount="1" falsecount="0"/>
        <line num="110" count="85" type="stmt"/>
        <line num="111" count="85" type="stmt"/>
        <line num="112" count="85" type="stmt"/>
        <line num="113" count="85" type="stmt"/>
        <line num="115" count="85" type="stmt"/>
        <line num="116" count="85" type="stmt"/>
        <line num="117" count="85" type="stmt"/>
        <line num="118" count="85" type="stmt"/>
        <line num="119" count="85" type="cond" truecount="1" falsecount="0"/>
        <line num="120" count="85" type="stmt"/>
        <line num="121" count="85" type="stmt"/>
        <line num="122" count="85" type="stmt"/>
        <line num="123" count="85" type="stmt"/>
        <line num="125" count="85" type="stmt"/>
        <line num="126" count="85" type="stmt"/>
        <line num="127" count="85" type="stmt"/>
        <line num="128" count="85" type="stmt"/>
        <line num="129" count="85" type="stmt"/>
        <line num="130" count="85" type="stmt"/>
        <line num="132" count="85" type="cond" truecount="1" falsecount="0"/>
        <line num="133" count="425" type="stmt"/>
        <line num="134" count="425" type="stmt"/>
        <line num="135" count="425" type="stmt"/>
        <line num="136" count="85" type="stmt"/>
        <line num="137" count="85" type="stmt"/>
        <line num="139" count="85" type="stmt"/>
        <line num="141" count="85" type="stmt"/>
        <line num="142" count="85" type="stmt"/>
        <line num="143" count="85" type="stmt"/>
        <line num="144" count="85" type="stmt"/>
        <line num="145" count="85" type="stmt"/>
        <line num="146" count="85" type="cond" truecount="1" falsecount="0"/>
        <line num="147" count="85" type="stmt"/>
        <line num="148" count="85" type="stmt"/>
        <line num="149" count="85" type="stmt"/>
        <line num="151" count="85" type="stmt"/>
        <line num="153" count="85" type="stmt"/>
        <line num="154" count="85" type="stmt"/>
        <line num="155" count="85" type="stmt"/>
        <line num="156" count="85" type="stmt"/>
        <line num="157" count="85" type="stmt"/>
        <line num="158" count="85" type="stmt"/>
        <line num="159" count="85" type="stmt"/>
        <line num="160" count="85" type="stmt"/>
        <line num="161" count="85" type="stmt"/>
        <line num="163" count="85" type="stmt"/>
        <line num="164" count="85" type="stmt"/>
        <line num="165" count="85" type="stmt"/>
        <line num="166" count="85" type="stmt"/>
        <line num="167" count="85" type="cond" truecount="1" falsecount="0"/>
        <line num="168" count="85" type="stmt"/>
        <line num="169" count="85" type="stmt"/>
        <line num="170" count="85" type="stmt"/>
        <line num="171" count="85" type="stmt"/>
        <line num="173" count="85" type="stmt"/>
        <line num="174" count="85" type="stmt"/>
        <line num="175" count="85" type="stmt"/>
        <line num="176" count="85" type="cond" truecount="1" falsecount="0"/>
        <line num="177" count="85" type="stmt"/>
        <line num="178" count="85" type="stmt"/>
        <line num="179" count="85" type="stmt"/>
        <line num="180" count="85" type="stmt"/>
        <line num="182" count="85" type="stmt"/>
        <line num="183" count="85" type="stmt"/>
        <line num="184" count="85" type="stmt"/>
        <line num="185" count="85" type="stmt"/>
        <line num="186" count="85" type="cond" truecount="1" falsecount="0"/>
        <line num="187" count="85" type="stmt"/>
        <line num="188" count="85" type="stmt"/>
        <line num="189" count="85" type="stmt"/>
        <line num="190" count="85" type="stmt"/>
        <line num="192" count="85" type="stmt"/>
        <line num="193" count="85" type="stmt"/>
        <line num="194" count="85" type="stmt"/>
        <line num="195" count="85" type="stmt"/>
        <line num="196" count="85" type="cond" truecount="1" falsecount="0"/>
        <line num="197" count="85" type="stmt"/>
        <line num="198" count="85" type="stmt"/>
        <line num="199" count="85" type="stmt"/>
        <line num="200" count="85" type="stmt"/>
        <line num="202" count="85" type="stmt"/>
        <line num="203" count="85" type="stmt"/>
        <line num="204" count="85" type="stmt"/>
        <line num="205" count="85" type="cond" truecount="1" falsecount="0"/>
        <line num="206" count="85" type="stmt"/>
        <line num="207" count="85" type="stmt"/>
        <line num="208" count="85" type="stmt"/>
        <line num="209" count="85" type="stmt"/>
        <line num="212" count="85" type="stmt"/>
        <line num="213" count="85" type="stmt"/>
        <line num="214" count="85" type="stmt"/>
        <line num="215" count="85" type="stmt"/>
        <line num="216" count="85" type="stmt"/>
        <line num="218" count="85" type="cond" truecount="4" falsecount="0"/>
        <line num="219" count="85" type="stmt"/>
        <line num="220" count="85" type="stmt"/>
        <line num="224" count="85" type="stmt"/>
      </file>
      <file name="JobTable.tsx" path="/Users/anandrai/job-tracker/frontend/src/components/JobTable.tsx">
        <metrics statements="68" coveredstatements="68" conditionals="12" coveredconditionals="10" methods="3" coveredmethods="3"/>
        <line num="2" count="1" type="stmt"/>
        <line num="10" count="9" type="cond" truecount="1" falsecount="0"/>
        <line num="11" count="9" type="cond" truecount="1" falsecount="0"/>
        <line num="12" count="1" type="stmt"/>
        <line num="13" count="1" type="cond" truecount="1" falsecount="0"/>
        <line num="15" count="8" type="stmt"/>
        <line num="16" count="8" type="stmt"/>
        <line num="17" count="8" type="stmt"/>
        <line num="18" count="8" type="stmt"/>
        <line num="19" count="8" type="stmt"/>
        <line num="20" count="8" type="stmt"/>
        <line num="21" count="8" type="stmt"/>
        <line num="22" count="8" type="stmt"/>
        <line num="23" count="8" type="stmt"/>
        <line num="24" count="8" type="stmt"/>
        <line num="25" count="8" type="stmt"/>
        <line num="26" count="8" type="stmt"/>
        <line num="27" count="8" type="stmt"/>
        <line num="28" count="8" type="stmt"/>
        <line num="29" count="8" type="stmt"/>
        <line num="30" count="8" type="cond" truecount="1" falsecount="0"/>
        <line num="31" count="40" type="stmt"/>
        <line num="32" count="40" type="stmt"/>
        <line num="33" count="40" type="stmt"/>
        <line num="34" count="40" type="stmt"/>
        <line num="35" count="40" type="stmt"/>
        <line num="37" count="40" type="stmt"/>
        <line num="38" count="40" type="stmt"/>
        <line num="39" count="40" type="stmt"/>
        <line num="40" count="40" type="stmt"/>
        <line num="41" count="40" type="stmt"/>
        <line num="42" count="40" type="cond" truecount="1" falsecount="0"/>
        <line num="43" count="16" type="stmt"/>
        <line num="44" count="16" type="stmt"/>
        <line num="45" count="16" type="stmt"/>
        <line num="46" count="16" type="stmt"/>
        <line num="47" count="16" type="stmt"/>
        <line num="49" count="16" type="cond" truecount="0" falsecount="1"/>
        <line num="50" count="16" type="cond" truecount="1" falsecount="0"/>
        <line num="52" count="24" type="cond" truecount="1" falsecount="0"/>
        <line num="54" count="40" type="stmt"/>
        <line num="55" count="40" type="cond" truecount="0" falsecount="1"/>
        <line num="56" count="40" type="stmt"/>
        <line num="57" count="40" type="stmt"/>
        <line num="58" count="40" type="stmt"/>
        <line num="59" count="40" type="stmt"/>
        <line num="60" count="40" type="cond" truecount="1" falsecount="0"/>
        <line num="61" count="40" type="stmt"/>
        <line num="63" count="40" type="stmt"/>
        <line num="64" count="40" type="stmt"/>
        <line num="65" count="40" type="stmt"/>
        <line num="66" count="40" type="stmt"/>
        <line num="67" count="40" type="stmt"/>
        <line num="68" count="40" type="cond" truecount="1" falsecount="0"/>
        <line num="69" count="2" type="cond" truecount="1" falsecount="0"/>
        <line num="70" count="1" type="stmt"/>
        <line num="71" count="1" type="stmt"/>
        <line num="72" count="2" type="stmt"/>
        <line num="73" count="40" type="stmt"/>
        <line num="75" count="40" type="stmt"/>
        <line num="76" count="40" type="stmt"/>
        <line num="77" count="40" type="stmt"/>
        <line num="79" count="40" type="stmt"/>
        <line num="80" count="8" type="stmt"/>
        <line num="81" count="8" type="stmt"/>
        <line num="82" count="8" type="stmt"/>
        <line num="83" count="8" type="stmt"/>
        <line num="85" count="8" type="stmt"/>
      </file>
      <file name="Modal.tsx" path="/Users/anandrai/job-tracker/frontend/src/components/Modal.tsx">
        <metrics statements="15" coveredstatements="15" conditionals="1" coveredconditionals="1" methods="1" coveredmethods="1"/>
        <line num="1" count="1" type="stmt"/>
        <line num="8" count="3" type="cond" truecount="1" falsecount="0"/>
        <line num="9" count="3" type="stmt"/>
        <line num="10" count="3" type="stmt"/>
        <line num="12" count="3" type="stmt"/>
        <line num="14" count="3" type="stmt"/>
        <line num="15" count="3" type="stmt"/>
        <line num="16" count="3" type="stmt"/>
        <line num="17" count="3" type="stmt"/>
        <line num="18" count="3" type="stmt"/>
        <line num="20" count="3" type="stmt"/>
        <line num="21" count="3" type="stmt"/>
        <line num="22" count="3" type="stmt"/>
        <line num="23" count="3" type="stmt"/>
        <line num="25" count="3" type="stmt"/>
      </file>
    </package>
    <package name="frontend.src.pages">
      <metrics statements="53" coveredstatements="0" conditionals="1" coveredconditionals="0" methods="1" coveredmethods="0"/>
      <file name="Dashboard.tsx" path="/Users/anandrai/job-tracker/frontend/src/pages/Dashboard.tsx">
        <metrics statements="53" coveredstatements="0" conditionals="1" coveredconditionals="0" methods="1" coveredmethods="0"/>
        <line num="1" count="0" type="cond" truecount="0" falsecount="1"/>
        <line num="2" count="0" type="stmt"/>
        <line num="4" count="0" type="stmt"/>
        <line num="5" count="0" type="stmt"/>
        <line num="6" count="0" type="stmt"/>
        <line num="8" count="0" type="stmt"/>
        <line num="9" count="0" type="stmt"/>
        <line num="10" count="0" type="stmt"/>
        <line num="11" count="0" type="stmt"/>
        <line num="12" count="0" type="stmt"/>
        <line num="14" count="0" type="stmt"/>
        <line num="15" count="0" type="stmt"/>
        <line num="16" count="0" type="stmt"/>
        <line num="17" count="0" type="stmt"/>
        <line num="18" count="0" type="stmt"/>
        <line num="19" count="0" type="stmt"/>
        <line num="20" count="0" type="stmt"/>
        <line num="22" count="0" type="stmt"/>
        <line num="23" count="0" type="stmt"/>
        <line num="24" count="0" type="stmt"/>
        <line num="26" count="0" type="stmt"/>
        <line num="27" count="0" type="stmt"/>
        <line num="28" count="0" type="stmt"/>
        <line num="29" count="0" type="stmt"/>
        <line num="31" count="0" type="stmt"/>
        <line num="34" count="0" type="stmt"/>
        <line num="35" count="0" type="stmt"/>
        <line num="36" count="0" type="stmt"/>
        <line num="37" count="0" type="stmt"/>
        <line num="38" count="0" type="stmt"/>
        <line num="39" count="0" type="stmt"/>
        <line num="40" count="0" type="stmt"/>
        <line num="41" count="0" type="stmt"/>
        <line num="42" count="0" type="stmt"/>
        <line num="46" count="0" type="stmt"/>
        <line num="47" count="0" type="stmt"/>
        <line num="48" count="0" type="stmt"/>
        <line num="49" count="0" type="stmt"/>
        <line num="50" count="0" type="stmt"/>
        <line num="51" count="0" type="stmt"/>
        <line num="52" count="0" type="stmt"/>
        <line num="55" count="0" type="stmt"/>
        <line num="56" count="0" type="stmt"/>
        <line num="57" count="0" type="stmt"/>
        <line num="58" count="0" type="stmt"/>
        <line num="59" count="0" type="stmt"/>
        <line num="60" count="0" type="stmt"/>
        <line num="61" count="0" type="stmt"/>
        <line num="62" count="0" type="stmt"/>
        <line num="63" count="0" type="stmt"/>
        <line num="64" count="0" type="stmt"/>
        <line num="66" count="0" type="stmt"/>
        <line num="68" count="0" type="stmt"/>
      </file>
    </package>
    <package name="frontend.src.types">
      <metrics statements="0" coveredstatements="0" conditionals="1" coveredconditionals="1" methods="1" coveredmethods="1"/>
      <file name="job.ts" path="/Users/anandrai/job-tracker/frontend/src/types/job.ts">
        <metrics statements="0" coveredstatements="0" conditionals="1" coveredconditionals="1" methods="1" coveredmethods="1"/>
      </file>
    </package>
  </project>
</coverage>
