{"/Users/anandrai/job-tracker/frontend/postcss.config.js": {"path":"/Users/anandrai/job-tracker/frontend/postcss.config.js","all":true,"statementMap":{"0":{"start":{"line":1,"column":0},"end":{"line":1,"column":15}},"1":{"start":{"line":2,"column":0},"end":{"line":2,"column":14}},"2":{"start":{"line":3,"column":0},"end":{"line":3,"column":34}},"3":{"start":{"line":4,"column":0},"end":{"line":4,"column":5}},"4":{"start":{"line":5,"column":0},"end":{"line":5,"column":1}}},"s":{"0":0,"1":0,"2":0,"3":0,"4":0},"branchMap":{"0":{"type":"branch","line":1,"loc":{"start":{"line":1,"column":73},"end":{"line":5,"column":1}},"locations":[{"start":{"line":1,"column":73},"end":{"line":5,"column":1}}]}},"b":{"0":[0]},"fnMap":{"0":{"name":"(empty-report)","decl":{"start":{"line":1,"column":73},"end":{"line":5,"column":1}},"loc":{"start":{"line":1,"column":73},"end":{"line":5,"column":1}},"line":1}},"f":{"0":0}}
,"/Users/anandrai/job-tracker/frontend/src/App.tsx": {"path":"/Users/anandrai/job-tracker/frontend/src/App.tsx","all":true,"statementMap":{"0":{"start":{"line":1,"column":0},"end":{"line":1,"column":41}},"2":{"start":{"line":3,"column":0},"end":{"line":3,"column":31}},"3":{"start":{"line":4,"column":0},"end":{"line":4,"column":10}},"4":{"start":{"line":5,"column":0},"end":{"line":5,"column":78}},"5":{"start":{"line":6,"column":0},"end":{"line":6,"column":18}},"6":{"start":{"line":7,"column":0},"end":{"line":7,"column":10}},"8":{"start":{"line":9,"column":0},"end":{"line":9,"column":1}}},"s":{"0":0,"2":0,"3":0,"4":0,"5":0,"6":0,"8":0},"branchMap":{"0":{"type":"branch","line":1,"loc":{"start":{"line":1,"column":200},"end":{"line":9,"column":1}},"locations":[{"start":{"line":1,"column":200},"end":{"line":9,"column":1}}]}},"b":{"0":[0]},"fnMap":{"0":{"name":"(empty-report)","decl":{"start":{"line":1,"column":200},"end":{"line":9,"column":1}},"loc":{"start":{"line":1,"column":200},"end":{"line":9,"column":1}},"line":1}},"f":{"0":0}}
,"/Users/anandrai/job-tracker/frontend/src/main.tsx": {"path":"/Users/anandrai/job-tracker/frontend/src/main.tsx","all":true,"statementMap":{"0":{"start":{"line":1,"column":0},"end":{"line":1,"column":25}},"1":{"start":{"line":2,"column":0},"end":{"line":2,"column":39}},"2":{"start":{"line":3,"column":0},"end":{"line":3,"column":27}},"3":{"start":{"line":4,"column":0},"end":{"line":4,"column":20}},"5":{"start":{"line":6,"column":0},"end":{"line":6,"column":61}},"6":{"start":{"line":7,"column":0},"end":{"line":7,"column":20}},"7":{"start":{"line":8,"column":0},"end":{"line":8,"column":11}},"8":{"start":{"line":9,"column":0},"end":{"line":9,"column":22}},"9":{"start":{"line":10,"column":0},"end":{"line":10,"column":1}}},"s":{"0":0,"1":0,"2":0,"3":0,"5":0,"6":0,"7":0,"8":0,"9":0},"branchMap":{"0":{"type":"branch","line":1,"loc":{"start":{"line":1,"column":203},"end":{"line":10,"column":-169}},"locations":[{"start":{"line":1,"column":203},"end":{"line":10,"column":-169}}]}},"b":{"0":[0]},"fnMap":{"0":{"name":"(empty-report)","decl":{"start":{"line":1,"column":203},"end":{"line":10,"column":-169}},"loc":{"start":{"line":1,"column":203},"end":{"line":10,"column":-169}},"line":1}},"f":{"0":0}}
,"/Users/anandrai/job-tracker/frontend/src/api/client.ts": {"path":"/Users/anandrai/job-tracker/frontend/src/api/client.ts","all":true,"statementMap":{"0":{"start":{"line":1,"column":0},"end":{"line":1,"column":26}},"2":{"start":{"line":3,"column":0},"end":{"line":3,"column":33}},"3":{"start":{"line":4,"column":0},"end":{"line":4,"column":58}},"4":{"start":{"line":5,"column":0},"end":{"line":5,"column":17}},"5":{"start":{"line":6,"column":0},"end":{"line":6,"column":3}}},"s":{"0":0,"2":0,"3":0,"4":0,"5":0},"branchMap":{"0":{"type":"branch","line":1,"loc":{"start":{"line":1,"column":142},"end":{"line":6,"column":3}},"locations":[{"start":{"line":1,"column":142},"end":{"line":6,"column":3}}]}},"b":{"0":[0]},"fnMap":{"0":{"name":"(empty-report)","decl":{"start":{"line":1,"column":142},"end":{"line":6,"column":3}},"loc":{"start":{"line":1,"column":142},"end":{"line":6,"column":3}},"line":1}},"f":{"0":0}}
,"/Users/anandrai/job-tracker/frontend/src/api/jobs.ts": {"path":"/Users/anandrai/job-tracker/frontend/src/api/jobs.ts","all":true,"statementMap":{"0":{"start":{"line":1,"column":0},"end":{"line":1,"column":31}},"4":{"start":{"line":5,"column":0},"end":{"line":5,"column":50}},"5":{"start":{"line":6,"column":0},"end":{"line":6,"column":47}},"6":{"start":{"line":7,"column":0},"end":{"line":7,"column":20}},"7":{"start":{"line":8,"column":0},"end":{"line":8,"column":1}},"10":{"start":{"line":11,"column":0},"end":{"line":11,"column":67}},"11":{"start":{"line":12,"column":0},"end":{"line":12,"column":55}},"12":{"start":{"line":13,"column":0},"end":{"line":13,"column":20}},"13":{"start":{"line":14,"column":0},"end":{"line":14,"column":1}},"16":{"start":{"line":17,"column":0},"end":{"line":17,"column":79}},"17":{"start":{"line":18,"column":0},"end":{"line":18,"column":59}},"18":{"start":{"line":19,"column":0},"end":{"line":19,"column":20}},"19":{"start":{"line":20,"column":0},"end":{"line":20,"column":1}},"22":{"start":{"line":23,"column":0},"end":{"line":23,"column":60}},"23":{"start":{"line":24,"column":0},"end":{"line":24,"column":36}},"24":{"start":{"line":25,"column":0},"end":{"line":25,"column":1}},"27":{"start":{"line":28,"column":0},"end":{"line":28,"column":41}},"36":{"start":{"line":37,"column":0},"end":{"line":37,"column":20}},"37":{"start":{"line":38,"column":0},"end":{"line":38,"column":61}},"38":{"start":{"line":39,"column":0},"end":{"line":39,"column":19}},"39":{"start":{"line":40,"column":0},"end":{"line":40,"column":1}}},"s":{"0":0,"4":0,"5":0,"6":0,"7":0,"10":0,"11":0,"12":0,"13":0,"16":0,"17":0,"18":0,"19":0,"22":0,"23":0,"24":0,"27":0,"36":0,"37":0,"38":0,"39":0},"branchMap":{"0":{"type":"branch","line":1,"loc":{"start":{"line":1,"column":1041},"end":{"line":40,"column":1}},"locations":[{"start":{"line":1,"column":1041},"end":{"line":40,"column":1}}]}},"b":{"0":[0]},"fnMap":{"0":{"name":"(empty-report)","decl":{"start":{"line":1,"column":1041},"end":{"line":40,"column":1}},"loc":{"start":{"line":1,"column":1041},"end":{"line":40,"column":1}},"line":1}},"f":{"0":0}}
,"/Users/anandrai/job-tracker/frontend/src/components/JobForm.tsx": {"path":"/Users/anandrai/job-tracker/frontend/src/components/JobForm.tsx","all":false,"statementMap":{"0":{"start":{"line":1,"column":0},"end":{"line":1,"column":52}},"1":{"start":{"line":2,"column":0},"end":{"line":2,"column":50}},"9":{"start":{"line":10,"column":0},"end":{"line":10,"column":85}},"11":{"start":{"line":12,"column":0},"end":{"line":12,"column":76}},"13":{"start":{"line":14,"column":0},"end":{"line":14,"column":33}},"14":{"start":{"line":15,"column":0},"end":{"line":15,"column":18}},"15":{"start":{"line":16,"column":0},"end":{"line":16,"column":20}},"16":{"start":{"line":17,"column":0},"end":{"line":17,"column":21}},"17":{"start":{"line":18,"column":0},"end":{"line":18,"column":24}},"18":{"start":{"line":19,"column":0},"end":{"line":19,"column":27}},"19":{"start":{"line":20,"column":0},"end":{"line":20,"column":29}},"20":{"start":{"line":21,"column":0},"end":{"line":21,"column":23}},"21":{"start":{"line":22,"column":0},"end":{"line":22,"column":30}},"22":{"start":{"line":23,"column":0},"end":{"line":23,"column":27}},"23":{"start":{"line":24,"column":0},"end":{"line":24,"column":21}},"24":{"start":{"line":25,"column":0},"end":{"line":25,"column":20}},"25":{"start":{"line":26,"column":0},"end":{"line":26,"column":6}},"28":{"start":{"line":29,"column":0},"end":{"line":29,"column":71}},"29":{"start":{"line":30,"column":0},"end":{"line":30,"column":56}},"30":{"start":{"line":31,"column":0},"end":{"line":31,"column":59}},"33":{"start":{"line":34,"column":0},"end":{"line":34,"column":21}},"34":{"start":{"line":35,"column":0},"end":{"line":35,"column":25}},"35":{"start":{"line":36,"column":0},"end":{"line":36,"column":32}},"36":{"start":{"line":37,"column":0},"end":{"line":37,"column":16}},"37":{"start":{"line":38,"column":0},"end":{"line":38,"column":29}},"38":{"start":{"line":39,"column":0},"end":{"line":39,"column":9}},"39":{"start":{"line":40,"column":0},"end":{"line":40,"column":22}},"42":{"start":{"line":43,"column":0},"end":{"line":43,"column":32}},"43":{"start":{"line":44,"column":0},"end":{"line":44,"column":88}},"44":{"start":{"line":45,"column":0},"end":{"line":45,"column":7}},"45":{"start":{"line":46,"column":0},"end":{"line":46,"column":39}},"46":{"start":{"line":47,"column":0},"end":{"line":47,"column":28}},"47":{"start":{"line":48,"column":0},"end":{"line":48,"column":21}},"48":{"start":{"line":49,"column":0},"end":{"line":49,"column":34}},"49":{"start":{"line":50,"column":0},"end":{"line":50,"column":12}},"50":{"start":{"line":51,"column":0},"end":{"line":51,"column":5}},"53":{"start":{"line":54,"column":0},"end":{"line":54,"column":53}},"54":{"start":{"line":55,"column":0},"end":{"line":55,"column":27}},"55":{"start":{"line":56,"column":0},"end":{"line":56,"column":23}},"56":{"start":{"line":57,"column":0},"end":{"line":57,"column":78}},"57":{"start":{"line":58,"column":0},"end":{"line":58,"column":73}},"58":{"start":{"line":59,"column":0},"end":{"line":59,"column":19}},"59":{"start":{"line":60,"column":0},"end":{"line":60,"column":9}},"61":{"start":{"line":62,"column":0},"end":{"line":62,"column":53}},"62":{"start":{"line":63,"column":0},"end":{"line":63,"column":75}},"63":{"start":{"line":64,"column":0},"end":{"line":64,"column":77}},"64":{"start":{"line":65,"column":0},"end":{"line":65,"column":23}},"65":{"start":{"line":66,"column":0},"end":{"line":66,"column":13}},"66":{"start":{"line":67,"column":0},"end":{"line":67,"column":9}},"68":{"start":{"line":69,"column":0},"end":{"line":69,"column":66}},"69":{"start":{"line":70,"column":0},"end":{"line":70,"column":76}},"70":{"start":{"line":71,"column":0},"end":{"line":71,"column":19}},"71":{"start":{"line":72,"column":0},"end":{"line":72,"column":9}},"72":{"start":{"line":73,"column":0},"end":{"line":73,"column":12}},"73":{"start":{"line":74,"column":0},"end":{"line":74,"column":32}},"74":{"start":{"line":75,"column":0},"end":{"line":75,"column":30}},"75":{"start":{"line":76,"column":0},"end":{"line":76,"column":53}},"76":{"start":{"line":77,"column":0},"end":{"line":77,"column":20}},"77":{"start":{"line":78,"column":0},"end":{"line":78,"column":37}},"78":{"start":{"line":79,"column":0},"end":{"line":79,"column":13}},"81":{"start":{"line":82,"column":0},"end":{"line":82,"column":47}},"82":{"start":{"line":83,"column":0},"end":{"line":83,"column":28}},"83":{"start":{"line":84,"column":0},"end":{"line":84,"column":22}},"84":{"start":{"line":85,"column":0},"end":{"line":85,"column":62}},"85":{"start":{"line":86,"column":0},"end":{"line":86,"column":19}},"86":{"start":{"line":87,"column":0},"end":{"line":87,"column":33}},"87":{"start":{"line":88,"column":0},"end":{"line":88,"column":9}},"88":{"start":{"line":89,"column":0},"end":{"line":89,"column":5}},"90":{"start":{"line":91,"column":0},"end":{"line":91,"column":12}},"91":{"start":{"line":92,"column":0},"end":{"line":92,"column":82}},"92":{"start":{"line":93,"column":0},"end":{"line":93,"column":62}},"94":{"start":{"line":95,"column":0},"end":{"line":95,"column":19}},"95":{"start":{"line":96,"column":0},"end":{"line":96,"column":38}},"96":{"start":{"line":97,"column":0},"end":{"line":97,"column":27}},"97":{"start":{"line":98,"column":0},"end":{"line":98,"column":28}},"98":{"start":{"line":99,"column":0},"end":{"line":99,"column":39}},"99":{"start":{"line":100,"column":0},"end":{"line":100,"column":39}},"100":{"start":{"line":101,"column":0},"end":{"line":101,"column":41}},"101":{"start":{"line":102,"column":0},"end":{"line":102,"column":59}},"102":{"start":{"line":103,"column":0},"end":{"line":103,"column":14}},"104":{"start":{"line":105,"column":0},"end":{"line":105,"column":18}},"105":{"start":{"line":106,"column":0},"end":{"line":106,"column":41}},"106":{"start":{"line":107,"column":0},"end":{"line":107,"column":27}},"107":{"start":{"line":108,"column":0},"end":{"line":108,"column":30}},"108":{"start":{"line":109,"column":0},"end":{"line":109,"column":41}},"109":{"start":{"line":110,"column":0},"end":{"line":110,"column":39}},"110":{"start":{"line":111,"column":0},"end":{"line":111,"column":44}},"111":{"start":{"line":112,"column":0},"end":{"line":112,"column":59}},"112":{"start":{"line":113,"column":0},"end":{"line":113,"column":14}},"114":{"start":{"line":115,"column":0},"end":{"line":115,"column":19}},"115":{"start":{"line":116,"column":0},"end":{"line":116,"column":41}},"116":{"start":{"line":117,"column":0},"end":{"line":117,"column":27}},"117":{"start":{"line":118,"column":0},"end":{"line":118,"column":31}},"118":{"start":{"line":119,"column":0},"end":{"line":119,"column":42}},"119":{"start":{"line":120,"column":0},"end":{"line":120,"column":39}},"120":{"start":{"line":121,"column":0},"end":{"line":121,"column":40}},"121":{"start":{"line":122,"column":0},"end":{"line":122,"column":59}},"122":{"start":{"line":123,"column":0},"end":{"line":123,"column":14}},"124":{"start":{"line":125,"column":0},"end":{"line":125,"column":19}},"125":{"start":{"line":126,"column":0},"end":{"line":126,"column":39}},"126":{"start":{"line":127,"column":0},"end":{"line":127,"column":29}},"127":{"start":{"line":128,"column":0},"end":{"line":128,"column":34}},"128":{"start":{"line":129,"column":0},"end":{"line":129,"column":39}},"129":{"start":{"line":130,"column":0},"end":{"line":130,"column":59}},"131":{"start":{"line":132,"column":0},"end":{"line":132,"column":38}},"132":{"start":{"line":133,"column":0},"end":{"line":133,"column":46}},"133":{"start":{"line":134,"column":0},"end":{"line":134,"column":27}},"134":{"start":{"line":135,"column":0},"end":{"line":135,"column":29}},"135":{"start":{"line":136,"column":0},"end":{"line":136,"column":19}},"136":{"start":{"line":137,"column":0},"end":{"line":137,"column":21}},"138":{"start":{"line":139,"column":0},"end":{"line":139,"column":98}},"140":{"start":{"line":141,"column":0},"end":{"line":141,"column":20}},"141":{"start":{"line":142,"column":0},"end":{"line":142,"column":18}},"142":{"start":{"line":143,"column":0},"end":{"line":143,"column":37}},"143":{"start":{"line":144,"column":0},"end":{"line":144,"column":27}},"144":{"start":{"line":145,"column":0},"end":{"line":145,"column":35}},"145":{"start":{"line":146,"column":0},"end":{"line":146,"column":46}},"146":{"start":{"line":147,"column":0},"end":{"line":147,"column":39}},"147":{"start":{"line":148,"column":0},"end":{"line":148,"column":59}},"148":{"start":{"line":149,"column":0},"end":{"line":149,"column":14}},"150":{"start":{"line":151,"column":0},"end":{"line":151,"column":96}},"152":{"start":{"line":153,"column":0},"end":{"line":153,"column":20}},"153":{"start":{"line":154,"column":0},"end":{"line":154,"column":19}},"154":{"start":{"line":155,"column":0},"end":{"line":155,"column":35}},"155":{"start":{"line":156,"column":0},"end":{"line":156,"column":27}},"156":{"start":{"line":157,"column":0},"end":{"line":157,"column":37}},"157":{"start":{"line":158,"column":0},"end":{"line":158,"column":48}},"158":{"start":{"line":159,"column":0},"end":{"line":159,"column":39}},"159":{"start":{"line":160,"column":0},"end":{"line":160,"column":59}},"160":{"start":{"line":161,"column":0},"end":{"line":161,"column":14}},"162":{"start":{"line":163,"column":0},"end":{"line":163,"column":19}},"163":{"start":{"line":164,"column":0},"end":{"line":164,"column":37}},"164":{"start":{"line":165,"column":0},"end":{"line":165,"column":26}},"165":{"start":{"line":166,"column":0},"end":{"line":166,"column":31}},"166":{"start":{"line":167,"column":0},"end":{"line":167,"column":42}},"167":{"start":{"line":168,"column":0},"end":{"line":168,"column":38}},"168":{"start":{"line":169,"column":0},"end":{"line":169,"column":39}},"169":{"start":{"line":170,"column":0},"end":{"line":170,"column":59}},"170":{"start":{"line":171,"column":0},"end":{"line":171,"column":14}},"172":{"start":{"line":173,"column":0},"end":{"line":173,"column":21}},"173":{"start":{"line":174,"column":0},"end":{"line":174,"column":44}},"174":{"start":{"line":175,"column":0},"end":{"line":175,"column":38}},"175":{"start":{"line":176,"column":0},"end":{"line":176,"column":49}},"176":{"start":{"line":177,"column":0},"end":{"line":177,"column":39}},"177":{"start":{"line":178,"column":0},"end":{"line":178,"column":45}},"178":{"start":{"line":179,"column":0},"end":{"line":179,"column":59}},"179":{"start":{"line":180,"column":0},"end":{"line":180,"column":14}},"181":{"start":{"line":182,"column":0},"end":{"line":182,"column":19}},"182":{"start":{"line":183,"column":0},"end":{"line":183,"column":41}},"183":{"start":{"line":184,"column":0},"end":{"line":184,"column":27}},"184":{"start":{"line":185,"column":0},"end":{"line":185,"column":35}},"185":{"start":{"line":186,"column":0},"end":{"line":186,"column":46}},"186":{"start":{"line":187,"column":0},"end":{"line":187,"column":39}},"187":{"start":{"line":188,"column":0},"end":{"line":188,"column":42}},"188":{"start":{"line":189,"column":0},"end":{"line":189,"column":59}},"189":{"start":{"line":190,"column":0},"end":{"line":190,"column":14}},"191":{"start":{"line":192,"column":0},"end":{"line":192,"column":19}},"192":{"start":{"line":193,"column":0},"end":{"line":193,"column":39}},"193":{"start":{"line":194,"column":0},"end":{"line":194,"column":27}},"194":{"start":{"line":195,"column":0},"end":{"line":195,"column":29}},"195":{"start":{"line":196,"column":0},"end":{"line":196,"column":40}},"196":{"start":{"line":197,"column":0},"end":{"line":197,"column":39}},"197":{"start":{"line":198,"column":0},"end":{"line":198,"column":40}},"198":{"start":{"line":199,"column":0},"end":{"line":199,"column":59}},"199":{"start":{"line":200,"column":0},"end":{"line":200,"column":14}},"201":{"start":{"line":202,"column":0},"end":{"line":202,"column":22}},"202":{"start":{"line":203,"column":0},"end":{"line":203,"column":38}},"203":{"start":{"line":204,"column":0},"end":{"line":204,"column":28}},"204":{"start":{"line":205,"column":0},"end":{"line":205,"column":39}},"205":{"start":{"line":206,"column":0},"end":{"line":206,"column":39}},"206":{"start":{"line":207,"column":0},"end":{"line":207,"column":35}},"207":{"start":{"line":208,"column":0},"end":{"line":208,"column":59}},"208":{"start":{"line":209,"column":0},"end":{"line":209,"column":14}},"211":{"start":{"line":212,"column":0},"end":{"line":212,"column":19}},"212":{"start":{"line":213,"column":0},"end":{"line":213,"column":29}},"213":{"start":{"line":214,"column":0},"end":{"line":214,"column":35}},"214":{"start":{"line":215,"column":0},"end":{"line":215,"column":37}},"215":{"start":{"line":216,"column":0},"end":{"line":216,"column":88}},"217":{"start":{"line":218,"column":0},"end":{"line":218,"column":82}},"218":{"start":{"line":219,"column":0},"end":{"line":219,"column":21}},"219":{"start":{"line":220,"column":0},"end":{"line":220,"column":15}},"223":{"start":{"line":224,"column":0},"end":{"line":224,"column":1}}},"s":{"0":1,"1":1,"9":1,"11":85,"13":85,"14":85,"15":85,"16":85,"17":85,"18":85,"19":85,"20":85,"21":85,"22":85,"23":85,"24":85,"25":85,"28":85,"29":85,"30":85,"33":85,"34":5,"35":2,"36":5,"37":3,"38":3,"39":85,"42":85,"43":72,"44":72,"45":72,"46":72,"47":72,"48":72,"49":72,"50":72,"53":85,"54":3,"55":3,"56":3,"57":1,"58":1,"59":1,"61":3,"62":0,"63":0,"64":0,"65":0,"66":0,"68":3,"69":0,"70":0,"71":0,"72":2,"73":2,"74":3,"75":1,"76":1,"77":1,"78":1,"81":3,"82":2,"83":3,"84":0,"85":3,"86":2,"87":2,"88":3,"90":85,"91":85,"92":85,"94":85,"95":85,"96":85,"97":85,"98":85,"99":85,"100":85,"101":85,"102":85,"104":85,"105":85,"106":85,"107":85,"108":85,"109":85,"110":85,"111":85,"112":85,"114":85,"115":85,"116":85,"117":85,"118":85,"119":85,"120":85,"121":85,"122":85,"124":85,"125":85,"126":85,"127":85,"128":85,"129":85,"131":85,"132":425,"133":425,"134":425,"135":85,"136":85,"138":85,"140":85,"141":85,"142":85,"143":85,"144":85,"145":85,"146":85,"147":85,"148":85,"150":85,"152":85,"153":85,"154":85,"155":85,"156":85,"157":85,"158":85,"159":85,"160":85,"162":85,"163":85,"164":85,"165":85,"166":85,"167":85,"168":85,"169":85,"170":85,"172":85,"173":85,"174":85,"175":85,"176":85,"177":85,"178":85,"179":85,"181":85,"182":85,"183":85,"184":85,"185":85,"186":85,"187":85,"188":85,"189":85,"191":85,"192":85,"193":85,"194":85,"195":85,"196":85,"197":85,"198":85,"199":85,"201":85,"202":85,"203":85,"204":85,"205":85,"206":85,"207":85,"208":85,"211":85,"212":85,"213":85,"214":85,"215":85,"217":85,"218":85,"219":85,"223":85},"branchMap":{"0":{"type":"branch","line":12,"loc":{"start":{"line":12,"column":0},"end":{"line":224,"column":1}},"locations":[{"start":{"line":12,"column":0},"end":{"line":224,"column":1}}]},"1":{"type":"branch","line":29,"loc":{"start":{"line":29,"column":46},"end":{"line":29,"column":69}},"locations":[{"start":{"line":29,"column":46},"end":{"line":29,"column":69}}]},"2":{"type":"branch","line":93,"loc":{"start":{"line":93,"column":13},"end":{"line":93,"column":62}},"locations":[{"start":{"line":93,"column":13},"end":{"line":93,"column":62}}]},"3":{"type":"branch","line":99,"loc":{"start":{"line":99,"column":27},"end":{"line":99,"column":39}},"locations":[{"start":{"line":99,"column":27},"end":{"line":99,"column":39}}]},"4":{"type":"branch","line":109,"loc":{"start":{"line":109,"column":27},"end":{"line":109,"column":41}},"locations":[{"start":{"line":109,"column":27},"end":{"line":109,"column":41}}]},"5":{"type":"branch","line":119,"loc":{"start":{"line":119,"column":27},"end":{"line":119,"column":42}},"locations":[{"start":{"line":119,"column":27},"end":{"line":119,"column":42}}]},"6":{"type":"branch","line":146,"loc":{"start":{"line":146,"column":27},"end":{"line":146,"column":46}},"locations":[{"start":{"line":146,"column":27},"end":{"line":146,"column":46}}]},"7":{"type":"branch","line":167,"loc":{"start":{"line":167,"column":27},"end":{"line":167,"column":42}},"locations":[{"start":{"line":167,"column":27},"end":{"line":167,"column":42}}]},"8":{"type":"branch","line":176,"loc":{"start":{"line":176,"column":27},"end":{"line":176,"column":49}},"locations":[{"start":{"line":176,"column":27},"end":{"line":176,"column":49}}]},"9":{"type":"branch","line":186,"loc":{"start":{"line":186,"column":27},"end":{"line":186,"column":46}},"locations":[{"start":{"line":186,"column":27},"end":{"line":186,"column":46}}]},"10":{"type":"branch","line":196,"loc":{"start":{"line":196,"column":27},"end":{"line":196,"column":40}},"locations":[{"start":{"line":196,"column":27},"end":{"line":196,"column":40}}]},"11":{"type":"branch","line":205,"loc":{"start":{"line":205,"column":27},"end":{"line":205,"column":39}},"locations":[{"start":{"line":205,"column":27},"end":{"line":205,"column":39}}]},"12":{"type":"branch","line":218,"loc":{"start":{"line":218,"column":17},"end":{"line":218,"column":44}},"locations":[{"start":{"line":218,"column":17},"end":{"line":218,"column":44}}]},"13":{"type":"branch","line":218,"loc":{"start":{"line":218,"column":30},"end":{"line":218,"column":82}},"locations":[{"start":{"line":218,"column":30},"end":{"line":218,"column":82}}]},"14":{"type":"branch","line":218,"loc":{"start":{"line":218,"column":44},"end":{"line":218,"column":72}},"locations":[{"start":{"line":218,"column":44},"end":{"line":218,"column":72}}]},"15":{"type":"branch","line":218,"loc":{"start":{"line":218,"column":57},"end":{"line":218,"column":82}},"locations":[{"start":{"line":218,"column":57},"end":{"line":218,"column":82}}]},"16":{"type":"branch","line":34,"loc":{"start":{"line":34,"column":14},"end":{"line":40,"column":7}},"locations":[{"start":{"line":34,"column":14},"end":{"line":40,"column":7}}]},"17":{"type":"branch","line":35,"loc":{"start":{"line":35,"column":24},"end":{"line":37,"column":15}},"locations":[{"start":{"line":35,"column":24},"end":{"line":37,"column":15}}]},"18":{"type":"branch","line":37,"loc":{"start":{"line":37,"column":8},"end":{"line":39,"column":9}},"locations":[{"start":{"line":37,"column":8},"end":{"line":39,"column":9}}]},"19":{"type":"branch","line":43,"loc":{"start":{"line":43,"column":4},"end":{"line":51,"column":5}},"locations":[{"start":{"line":43,"column":4},"end":{"line":51,"column":5}}]},"20":{"type":"branch","line":47,"loc":{"start":{"line":47,"column":15},"end":{"line":50,"column":10}},"locations":[{"start":{"line":47,"column":15},"end":{"line":50,"column":10}}]},"21":{"type":"branch","line":49,"loc":{"start":{"line":49,"column":20},"end":{"line":49,"column":34}},"locations":[{"start":{"line":49,"column":20},"end":{"line":49,"column":34}}]},"22":{"type":"branch","line":54,"loc":{"start":{"line":54,"column":4},"end":{"line":89,"column":5}},"locations":[{"start":{"line":54,"column":4},"end":{"line":89,"column":5}}]},"23":{"type":"branch","line":57,"loc":{"start":{"line":57,"column":28},"end":{"line":57,"column":56}},"locations":[{"start":{"line":57,"column":28},"end":{"line":57,"column":56}}]},"24":{"type":"branch","line":57,"loc":{"start":{"line":57,"column":51},"end":{"line":57,"column":77}},"locations":[{"start":{"line":57,"column":51},"end":{"line":57,"column":77}}]},"25":{"type":"branch","line":57,"loc":{"start":{"line":57,"column":77},"end":{"line":60,"column":9}},"locations":[{"start":{"line":57,"column":77},"end":{"line":60,"column":9}}]},"26":{"type":"branch","line":60,"loc":{"start":{"line":60,"column":8},"end":{"line":62,"column":32}},"locations":[{"start":{"line":60,"column":8},"end":{"line":62,"column":32}}]},"27":{"type":"branch","line":62,"loc":{"start":{"line":62,"column":16},"end":{"line":62,"column":52}},"locations":[{"start":{"line":62,"column":16},"end":{"line":62,"column":52}}]},"28":{"type":"branch","line":62,"loc":{"start":{"line":62,"column":52},"end":{"line":67,"column":9}},"locations":[{"start":{"line":62,"column":52},"end":{"line":67,"column":9}}]},"29":{"type":"branch","line":67,"loc":{"start":{"line":67,"column":8},"end":{"line":69,"column":39}},"locations":[{"start":{"line":67,"column":8},"end":{"line":69,"column":39}}]},"30":{"type":"branch","line":69,"loc":{"start":{"line":69,"column":26},"end":{"line":69,"column":65}},"locations":[{"start":{"line":69,"column":26},"end":{"line":69,"column":65}}]},"31":{"type":"branch","line":69,"loc":{"start":{"line":69,"column":65},"end":{"line":72,"column":9}},"locations":[{"start":{"line":69,"column":65},"end":{"line":72,"column":9}}]},"32":{"type":"branch","line":72,"loc":{"start":{"line":72,"column":8},"end":{"line":75,"column":29}},"locations":[{"start":{"line":72,"column":8},"end":{"line":75,"column":29}}]},"33":{"type":"branch","line":75,"loc":{"start":{"line":75,"column":29},"end":{"line":79,"column":13}},"locations":[{"start":{"line":75,"column":29},"end":{"line":79,"column":13}}]},"34":{"type":"branch","line":79,"loc":{"start":{"line":79,"column":12},"end":{"line":82,"column":37}},"locations":[{"start":{"line":79,"column":12},"end":{"line":82,"column":37}}]},"35":{"type":"branch","line":82,"loc":{"start":{"line":82,"column":30},"end":{"line":82,"column":47}},"locations":[{"start":{"line":82,"column":30},"end":{"line":82,"column":47}}]},"36":{"type":"branch","line":82,"loc":{"start":{"line":82,"column":45},"end":{"line":83,"column":28}},"locations":[{"start":{"line":82,"column":45},"end":{"line":83,"column":28}}]},"37":{"type":"branch","line":84,"loc":{"start":{"line":84,"column":8},"end":{"line":86,"column":10}},"locations":[{"start":{"line":84,"column":8},"end":{"line":86,"column":10}}]},"38":{"type":"branch","line":86,"loc":{"start":{"line":86,"column":8},"end":{"line":88,"column":9}},"locations":[{"start":{"line":86,"column":8},"end":{"line":88,"column":9}}]},"39":{"type":"branch","line":132,"loc":{"start":{"line":132,"column":30},"end":{"line":135,"column":29}},"locations":[{"start":{"line":132,"column":30},"end":{"line":135,"column":29}}]}},"b":{"0":[85],"1":[37],"2":[2],"3":[10],"4":[43],"5":[54],"6":[37],"7":[37],"8":[37],"9":[37],"10":[37],"11":[37],"12":[2],"13":[83],"14":[47],"15":[36],"16":[5],"17":[2],"18":[3],"19":[72],"20":[72],"21":[3],"22":[3],"23":[2],"24":[2],"25":[1],"26":[2],"27":[1],"28":[0],"29":[2],"30":[1],"31":[0],"32":[2],"33":[1],"34":[2],"35":[1],"36":[2],"37":[0],"38":[2],"39":[425]},"fnMap":{"0":{"name":"JobForm","decl":{"start":{"line":12,"column":0},"end":{"line":224,"column":1}},"loc":{"start":{"line":12,"column":0},"end":{"line":224,"column":1}},"line":12},"1":{"name":"handleChange","decl":{"start":{"line":43,"column":4},"end":{"line":51,"column":5}},"loc":{"start":{"line":43,"column":4},"end":{"line":51,"column":5}},"line":43},"2":{"name":"handleSubmit","decl":{"start":{"line":54,"column":4},"end":{"line":89,"column":5}},"loc":{"start":{"line":54,"column":4},"end":{"line":89,"column":5}},"line":54}},"f":{"0":85,"1":72,"2":3}}
,"/Users/anandrai/job-tracker/frontend/src/components/JobTable.tsx": {"path":"/Users/anandrai/job-tracker/frontend/src/components/JobTable.tsx","all":false,"statementMap":{"1":{"start":{"line":2,"column":0},"end":{"line":2,"column":69}},"9":{"start":{"line":10,"column":0},"end":{"line":10,"column":77}},"10":{"start":{"line":11,"column":0},"end":{"line":11,"column":27}},"11":{"start":{"line":12,"column":0},"end":{"line":12,"column":70}},"12":{"start":{"line":13,"column":0},"end":{"line":13,"column":5}},"14":{"start":{"line":15,"column":0},"end":{"line":15,"column":11}},"15":{"start":{"line":16,"column":0},"end":{"line":16,"column":96}},"16":{"start":{"line":17,"column":0},"end":{"line":17,"column":89}},"17":{"start":{"line":18,"column":0},"end":{"line":18,"column":136}},"18":{"start":{"line":19,"column":0},"end":{"line":19,"column":24}},"19":{"start":{"line":20,"column":0},"end":{"line":20,"column":85}},"20":{"start":{"line":21,"column":0},"end":{"line":21,"column":87}},"21":{"start":{"line":22,"column":0},"end":{"line":22,"column":88}},"22":{"start":{"line":23,"column":0},"end":{"line":23,"column":86}},"23":{"start":{"line":24,"column":0},"end":{"line":24,"column":86}},"24":{"start":{"line":25,"column":0},"end":{"line":25,"column":92}},"25":{"start":{"line":26,"column":0},"end":{"line":26,"column":87}},"26":{"start":{"line":27,"column":0},"end":{"line":27,"column":25}},"27":{"start":{"line":28,"column":0},"end":{"line":28,"column":24}},"28":{"start":{"line":29,"column":0},"end":{"line":29,"column":94}},"29":{"start":{"line":30,"column":0},"end":{"line":30,"column":40}},"30":{"start":{"line":31,"column":0},"end":{"line":31,"column":28}},"31":{"start":{"line":32,"column":0},"end":{"line":32,"column":40}},"32":{"start":{"line":33,"column":0},"end":{"line":33,"column":85}},"33":{"start":{"line":34,"column":0},"end":{"line":34,"column":61}},"34":{"start":{"line":35,"column":0},"end":{"line":35,"column":89}},"36":{"start":{"line":37,"column":0},"end":{"line":37,"column":70}},"37":{"start":{"line":38,"column":0},"end":{"line":38,"column":72}},"38":{"start":{"line":39,"column":0},"end":{"line":39,"column":73}},"39":{"start":{"line":40,"column":0},"end":{"line":40,"column":71}},"40":{"start":{"line":41,"column":0},"end":{"line":41,"column":112}},"41":{"start":{"line":42,"column":0},"end":{"line":42,"column":49}},"42":{"start":{"line":43,"column":0},"end":{"line":43,"column":38}},"43":{"start":{"line":44,"column":0},"end":{"line":44,"column":59}},"44":{"start":{"line":45,"column":0},"end":{"line":45,"column":55}},"45":{"start":{"line":46,"column":0},"end":{"line":46,"column":65}},"46":{"start":{"line":47,"column":0},"end":{"line":47,"column":81}},"48":{"start":{"line":49,"column":0},"end":{"line":49,"column":68}},"49":{"start":{"line":50,"column":0},"end":{"line":50,"column":40}},"51":{"start":{"line":52,"column":0},"end":{"line":52,"column":96}},"53":{"start":{"line":54,"column":0},"end":{"line":54,"column":33}},"54":{"start":{"line":55,"column":0},"end":{"line":55,"column":89}},"55":{"start":{"line":56,"column":0},"end":{"line":56,"column":54}},"56":{"start":{"line":57,"column":0},"end":{"line":57,"column":39}},"57":{"start":{"line":58,"column":0},"end":{"line":58,"column":86}},"58":{"start":{"line":59,"column":0},"end":{"line":59,"column":66}},"59":{"start":{"line":60,"column":0},"end":{"line":60,"column":65}},"60":{"start":{"line":61,"column":0},"end":{"line":61,"column":110}},"62":{"start":{"line":63,"column":0},"end":{"line":63,"column":76}},"63":{"start":{"line":64,"column":0},"end":{"line":64,"column":41}},"64":{"start":{"line":65,"column":0},"end":{"line":65,"column":39}},"65":{"start":{"line":66,"column":0},"end":{"line":66,"column":88}},"66":{"start":{"line":67,"column":0},"end":{"line":67,"column":68}},"67":{"start":{"line":68,"column":0},"end":{"line":68,"column":52}},"68":{"start":{"line":69,"column":0},"end":{"line":69,"column":112}},"69":{"start":{"line":70,"column":0},"end":{"line":70,"column":63}},"70":{"start":{"line":71,"column":0},"end":{"line":71,"column":41}},"71":{"start":{"line":72,"column":0},"end":{"line":72,"column":38}},"72":{"start":{"line":73,"column":0},"end":{"line":73,"column":83}},"74":{"start":{"line":75,"column":0},"end":{"line":75,"column":68}},"75":{"start":{"line":76,"column":0},"end":{"line":76,"column":41}},"76":{"start":{"line":77,"column":0},"end":{"line":77,"column":33}},"78":{"start":{"line":79,"column":0},"end":{"line":79,"column":29}},"79":{"start":{"line":80,"column":0},"end":{"line":80,"column":23}},"80":{"start":{"line":81,"column":0},"end":{"line":81,"column":24}},"81":{"start":{"line":82,"column":0},"end":{"line":82,"column":20}},"82":{"start":{"line":83,"column":0},"end":{"line":83,"column":14}},"84":{"start":{"line":85,"column":0},"end":{"line":85,"column":1}}},"s":{"1":1,"9":9,"10":9,"11":1,"12":1,"14":8,"15":8,"16":8,"17":8,"18":8,"19":8,"20":8,"21":8,"22":8,"23":8,"24":8,"25":8,"26":8,"27":8,"28":8,"29":8,"30":40,"31":40,"32":40,"33":40,"34":40,"36":40,"37":40,"38":40,"39":40,"40":40,"41":40,"42":16,"43":16,"44":16,"45":16,"46":16,"48":16,"49":16,"51":24,"53":40,"54":40,"55":40,"56":40,"57":40,"58":40,"59":40,"60":40,"62":40,"63":40,"64":40,"65":40,"66":40,"67":40,"68":2,"69":1,"70":1,"71":2,"72":40,"74":40,"75":40,"76":40,"78":40,"79":8,"80":8,"81":8,"82":8,"84":8},"branchMap":{"0":{"type":"branch","line":10,"loc":{"start":{"line":10,"column":0},"end":{"line":85,"column":1}},"locations":[{"start":{"line":10,"column":0},"end":{"line":85,"column":1}}]},"1":{"type":"branch","line":11,"loc":{"start":{"line":11,"column":26},"end":{"line":13,"column":5}},"locations":[{"start":{"line":11,"column":26},"end":{"line":13,"column":5}}]},"2":{"type":"branch","line":13,"loc":{"start":{"line":13,"column":4},"end":{"line":85,"column":1}},"locations":[{"start":{"line":13,"column":4},"end":{"line":85,"column":1}}]},"3":{"type":"branch","line":30,"loc":{"start":{"line":30,"column":30},"end":{"line":79,"column":29}},"locations":[{"start":{"line":30,"column":30},"end":{"line":79,"column":29}}]},"4":{"type":"branch","line":42,"loc":{"start":{"line":42,"column":37},"end":{"line":50,"column":40}},"locations":[{"start":{"line":42,"column":37},"end":{"line":50,"column":40}}]},"5":{"type":"branch","line":49,"loc":{"start":{"line":49,"column":45},"end":{"line":49,"column":68}},"locations":[{"start":{"line":49,"column":45},"end":{"line":49,"column":68}}]},"6":{"type":"branch","line":50,"loc":{"start":{"line":50,"column":36},"end":{"line":52,"column":96}},"locations":[{"start":{"line":50,"column":36},"end":{"line":52,"column":96}}]},"7":{"type":"branch","line":52,"loc":{"start":{"line":52,"column":73},"end":{"line":52,"column":89}},"locations":[{"start":{"line":52,"column":73},"end":{"line":52,"column":89}}]},"8":{"type":"branch","line":55,"loc":{"start":{"line":55,"column":59},"end":{"line":55,"column":84}},"locations":[{"start":{"line":55,"column":59},"end":{"line":55,"column":84}}]},"9":{"type":"branch","line":60,"loc":{"start":{"line":60,"column":45},"end":{"line":60,"column":65}},"locations":[{"start":{"line":60,"column":45},"end":{"line":60,"column":65}}]},"10":{"type":"branch","line":68,"loc":{"start":{"line":68,"column":45},"end":{"line":72,"column":38}},"locations":[{"start":{"line":68,"column":45},"end":{"line":72,"column":38}}]},"11":{"type":"branch","line":69,"loc":{"start":{"line":69,"column":111},"end":{"line":71,"column":41}},"locations":[{"start":{"line":69,"column":111},"end":{"line":71,"column":41}}]}},"b":{"0":[9],"1":[1],"2":[8],"3":[40],"4":[16],"5":[0],"6":[24],"7":[8],"8":[0],"9":[1],"10":[2],"11":[1]},"fnMap":{"0":{"name":"JobTable","decl":{"start":{"line":10,"column":0},"end":{"line":85,"column":1}},"loc":{"start":{"line":10,"column":0},"end":{"line":85,"column":1}},"line":10},"1":{"name":"onClick","decl":{"start":{"line":60,"column":45},"end":{"line":60,"column":65}},"loc":{"start":{"line":60,"column":45},"end":{"line":60,"column":65}},"line":60},"2":{"name":"onClick","decl":{"start":{"line":68,"column":45},"end":{"line":72,"column":38}},"loc":{"start":{"line":68,"column":45},"end":{"line":72,"column":38}},"line":68}},"f":{"0":9,"1":1,"2":2}}
,"/Users/anandrai/job-tracker/frontend/src/components/Modal.tsx": {"path":"/Users/anandrai/job-tracker/frontend/src/components/Modal.tsx","all":false,"statementMap":{"0":{"start":{"line":1,"column":0},"end":{"line":1,"column":26}},"7":{"start":{"line":8,"column":0},"end":{"line":8,"column":63}},"8":{"start":{"line":9,"column":0},"end":{"line":9,"column":12}},"9":{"start":{"line":10,"column":0},"end":{"line":10,"column":128}},"11":{"start":{"line":12,"column":0},"end":{"line":12,"column":115}},"13":{"start":{"line":14,"column":0},"end":{"line":14,"column":23}},"14":{"start":{"line":15,"column":0},"end":{"line":15,"column":44}},"15":{"start":{"line":16,"column":0},"end":{"line":16,"column":37}},"16":{"start":{"line":17,"column":0},"end":{"line":17,"column":85}},"17":{"start":{"line":18,"column":0},"end":{"line":18,"column":17}},"19":{"start":{"line":20,"column":0},"end":{"line":20,"column":25}},"20":{"start":{"line":21,"column":0},"end":{"line":21,"column":26}},"21":{"start":{"line":22,"column":0},"end":{"line":22,"column":18}},"22":{"start":{"line":23,"column":0},"end":{"line":23,"column":14}},"24":{"start":{"line":25,"column":0},"end":{"line":25,"column":1}}},"s":{"0":1,"7":3,"8":3,"9":3,"11":3,"13":3,"14":3,"15":3,"16":3,"17":3,"19":3,"20":3,"21":3,"22":3,"24":3},"branchMap":{"0":{"type":"branch","line":8,"loc":{"start":{"line":8,"column":0},"end":{"line":25,"column":1}},"locations":[{"start":{"line":8,"column":0},"end":{"line":25,"column":1}}]}},"b":{"0":[3]},"fnMap":{"0":{"name":"Modal","decl":{"start":{"line":8,"column":0},"end":{"line":25,"column":1}},"loc":{"start":{"line":8,"column":0},"end":{"line":25,"column":1}},"line":8}},"f":{"0":3}}
,"/Users/anandrai/job-tracker/frontend/src/pages/Dashboard.tsx": {"path":"/Users/anandrai/job-tracker/frontend/src/pages/Dashboard.tsx","all":true,"statementMap":{"0":{"start":{"line":1,"column":0},"end":{"line":1,"column":44}},"1":{"start":{"line":2,"column":0},"end":{"line":2,"column":50}},"3":{"start":{"line":4,"column":0},"end":{"line":4,"column":44}},"4":{"start":{"line":5,"column":0},"end":{"line":5,"column":40}},"5":{"start":{"line":6,"column":0},"end":{"line":6,"column":46}},"7":{"start":{"line":8,"column":0},"end":{"line":8,"column":37}},"8":{"start":{"line":9,"column":0},"end":{"line":9,"column":46}},"9":{"start":{"line":10,"column":0},"end":{"line":10,"column":50}},"10":{"start":{"line":11,"column":0},"end":{"line":11,"column":52}},"11":{"start":{"line":12,"column":0},"end":{"line":12,"column":65}},"13":{"start":{"line":14,"column":0},"end":{"line":14,"column":19}},"14":{"start":{"line":15,"column":0},"end":{"line":15,"column":31}},"15":{"start":{"line":16,"column":0},"end":{"line":16,"column":36}},"16":{"start":{"line":17,"column":0},"end":{"line":17,"column":20}},"17":{"start":{"line":18,"column":0},"end":{"line":18,"column":5}},"18":{"start":{"line":19,"column":0},"end":{"line":19,"column":15}},"19":{"start":{"line":20,"column":0},"end":{"line":20,"column":19}},"21":{"start":{"line":22,"column":0},"end":{"line":22,"column":10}},"22":{"start":{"line":23,"column":0},"end":{"line":23,"column":56}},"23":{"start":{"line":24,"column":0},"end":{"line":24,"column":64}},"25":{"start":{"line":26,"column":0},"end":{"line":26,"column":16}},"26":{"start":{"line":27,"column":0},"end":{"line":27,"column":46}},"27":{"start":{"line":28,"column":0},"end":{"line":28,"column":82}},"28":{"start":{"line":29,"column":0},"end":{"line":29,"column":9}},"30":{"start":{"line":31,"column":0},"end":{"line":31,"column":17}},"33":{"start":{"line":34,"column":0},"end":{"line":34,"column":23}},"34":{"start":{"line":35,"column":0},"end":{"line":35,"column":55}},"35":{"start":{"line":36,"column":0},"end":{"line":36,"column":24}},"36":{"start":{"line":37,"column":0},"end":{"line":37,"column":40}},"37":{"start":{"line":38,"column":0},"end":{"line":38,"column":52}},"38":{"start":{"line":39,"column":0},"end":{"line":39,"column":44}},"39":{"start":{"line":40,"column":0},"end":{"line":40,"column":22}},"40":{"start":{"line":41,"column":0},"end":{"line":41,"column":18}},"41":{"start":{"line":42,"column":0},"end":{"line":42,"column":20}},"45":{"start":{"line":46,"column":0},"end":{"line":46,"column":30}},"46":{"start":{"line":47,"column":0},"end":{"line":47,"column":48}},"47":{"start":{"line":48,"column":0},"end":{"line":48,"column":38}},"48":{"start":{"line":49,"column":0},"end":{"line":49,"column":35}},"49":{"start":{"line":50,"column":0},"end":{"line":50,"column":43}},"50":{"start":{"line":51,"column":0},"end":{"line":51,"column":14}},"51":{"start":{"line":52,"column":0},"end":{"line":52,"column":10}},"54":{"start":{"line":55,"column":0},"end":{"line":55,"column":23}},"55":{"start":{"line":56,"column":0},"end":{"line":56,"column":55}},"56":{"start":{"line":57,"column":0},"end":{"line":57,"column":24}},"57":{"start":{"line":58,"column":0},"end":{"line":58,"column":44}},"58":{"start":{"line":59,"column":0},"end":{"line":59,"column":40}},"59":{"start":{"line":60,"column":0},"end":{"line":60,"column":44}},"60":{"start":{"line":61,"column":0},"end":{"line":61,"column":51}},"61":{"start":{"line":62,"column":0},"end":{"line":62,"column":22}},"62":{"start":{"line":63,"column":0},"end":{"line":63,"column":18}},"63":{"start":{"line":64,"column":0},"end":{"line":64,"column":20}},"65":{"start":{"line":66,"column":0},"end":{"line":66,"column":10}},"67":{"start":{"line":68,"column":0},"end":{"line":68,"column":1}}},"s":{"0":0,"1":0,"3":0,"4":0,"5":0,"7":0,"8":0,"9":0,"10":0,"11":0,"13":0,"14":0,"15":0,"16":0,"17":0,"18":0,"19":0,"21":0,"22":0,"23":0,"25":0,"26":0,"27":0,"28":0,"30":0,"33":0,"34":0,"35":0,"36":0,"37":0,"38":0,"39":0,"40":0,"41":0,"45":0,"46":0,"47":0,"48":0,"49":0,"50":0,"51":0,"54":0,"55":0,"56":0,"57":0,"58":0,"59":0,"60":0,"61":0,"62":0,"63":0,"65":0,"67":0},"branchMap":{"0":{"type":"branch","line":1,"loc":{"start":{"line":1,"column":2055},"end":{"line":68,"column":1}},"locations":[{"start":{"line":1,"column":2055},"end":{"line":68,"column":1}}]}},"b":{"0":[0]},"fnMap":{"0":{"name":"(empty-report)","decl":{"start":{"line":1,"column":2055},"end":{"line":68,"column":1}},"loc":{"start":{"line":1,"column":2055},"end":{"line":68,"column":1}},"line":1}},"f":{"0":0}}
,"/Users/anandrai/job-tracker/frontend/src/types/job.ts": {"path":"/Users/anandrai/job-tracker/frontend/src/types/job.ts","all":true,"statementMap":{},"s":{},"branchMap":{"0":{"type":"branch","line":1,"loc":{"start":{"line":1,"column":631},"end":{"line":22,"column":43}},"locations":[{"start":{"line":1,"column":631},"end":{"line":22,"column":43}}]}},"b":{"0":[1]},"fnMap":{"0":{"name":"(empty-report)","decl":{"start":{"line":1,"column":631},"end":{"line":22,"column":43}},"loc":{"start":{"line":1,"column":631},"end":{"line":22,"column":43}},"line":1}},"f":{"0":1}}
}
